SF:lib/main.dart
DA:5,0
DA:6,0
DA:8,0
DA:12,2
DA:14,1
DA:16,1
DA:18,1
LF:7
LH:4
end_of_record
SF:lib/providers/menu_repository.dart
DA:9,0
DA:11,0
DA:15,0
DA:16,0
DA:18,0
LF:5
LH:0
end_of_record
SF:lib/providers/menu_repository.g.dart
DA:9,0
DA:13,2
DA:14,1
LF:3
LH:2
end_of_record
SF:lib/model/menu_item.dart
DA:8,0
DA:14,0
DA:15,0
DA:16,0
DA:17,0
DA:18,0
DA:22,0
DA:24,0
LF:8
LH:0
end_of_record
SF:lib/providers/menu.dart
DA:11,1
DA:13,4
DA:15,0
DA:17,0
DA:18,0
DA:19,0
DA:20,0
DA:21,0
DA:25,0
DA:26,0
DA:31,0
DA:32,0
DA:34,0
DA:35,0
DA:37,0
LF:15
LH:2
end_of_record
SF:lib/providers/menu.g.dart
DA:9,1
DA:13,3
LF:2
LH:2
end_of_record
SF:lib/ui/home_page.dart
DA:6,1
DA:8,1
DA:10,1
DA:11,1
DA:14,1
DA:16,3
DA:17,0
DA:18,0
DA:22,0
DA:24,0
DA:25,0
DA:26,0
DA:32,0
DA:33,0
DA:34,0
DA:41,1
DA:46,3
LF:17
LH:8
end_of_record
